0 info it worked if it ends with ok
1 verbose cli [ '/usr/bin/nodejs', '/usr/bin/npm', 'install', '-g', 'nyaovim' ]
2 info using npm@1.3.10
3 info using node@v0.10.25
4 verbose cache add [ 'nyaovim', null ]
5 verbose cache add name=undefined spec="nyaovim" args=["nyaovim",null]
6 verbose parsed url { protocol: null,
6 verbose parsed url   slashes: null,
6 verbose parsed url   auth: null,
6 verbose parsed url   host: null,
6 verbose parsed url   port: null,
6 verbose parsed url   hostname: null,
6 verbose parsed url   hash: null,
6 verbose parsed url   search: null,
6 verbose parsed url   query: null,
6 verbose parsed url   pathname: 'nyaovim',
6 verbose parsed url   path: 'nyaovim',
6 verbose parsed url   href: 'nyaovim' }
7 silly lockFile 49c52021-nyaovim nyaovim
8 verbose lock nyaovim /home/jared/.npm/49c52021-nyaovim.lock
9 silly lockFile 49c52021-nyaovim nyaovim
10 silly lockFile 49c52021-nyaovim nyaovim
11 verbose addNamed [ 'nyaovim', '' ]
12 verbose addNamed [ null, '*' ]
13 silly lockFile cfefc811-nyaovim nyaovim@
14 verbose lock nyaovim@ /home/jared/.npm/cfefc811-nyaovim.lock
15 silly addNameRange { name: 'nyaovim', range: '*', hasData: false }
16 verbose url raw nyaovim
17 verbose url resolving [ 'https://registry.npmjs.org/', './nyaovim' ]
18 verbose url resolved https://registry.npmjs.org/nyaovim
19 info trying registry request attempt 1 at 20:35:20
20 http GET https://registry.npmjs.org/nyaovim
21 http 200 https://registry.npmjs.org/nyaovim
22 silly registry.get cb [ 200,
22 silly registry.get   { server: 'CouchDB/1.5.0 (Erlang OTP/R16B03)',
22 silly registry.get     etag: '"16YWEC26V53T3I8ZVYH3G3VRP"',
22 silly registry.get     'content-type': 'application/json',
22 silly registry.get     'cache-control': 'max-age=300',
22 silly registry.get     'content-length': '43313',
22 silly registry.get     'accept-ranges': 'bytes',
22 silly registry.get     date: 'Fri, 01 Apr 2016 01:35:25 GMT',
22 silly registry.get     via: '1.1 varnish',
22 silly registry.get     age: '0',
22 silly registry.get     connection: 'keep-alive',
22 silly registry.get     'x-served-by': 'cache-dfw1846-DFW',
22 silly registry.get     'x-cache': 'MISS',
22 silly registry.get     'x-cache-hits': '0',
22 silly registry.get     'x-timer': 'S1459474525.651128,VS0,VE141',
22 silly registry.get     vary: 'Accept' } ]
23 silly addNameRange number 2 { name: 'nyaovim', range: '*', hasData: true }
24 silly addNameRange versions [ 'nyaovim',
24 silly addNameRange   [ '0.0.0',
24 silly addNameRange     '0.0.1',
24 silly addNameRange     '0.0.2',
24 silly addNameRange     '0.0.3',
24 silly addNameRange     '0.0.4',
24 silly addNameRange     '0.0.6',
24 silly addNameRange     '0.0.7',
24 silly addNameRange     '0.0.8',
24 silly addNameRange     '0.0.9',
24 silly addNameRange     '0.0.10',
24 silly addNameRange     '0.0.11',
24 silly addNameRange     '0.0.12',
24 silly addNameRange     '0.0.13',
24 silly addNameRange     '0.0.14',
24 silly addNameRange     '0.0.15',
24 silly addNameRange     '0.0.16',
24 silly addNameRange     '0.0.17',
24 silly addNameRange     '0.0.18',
24 silly addNameRange     '0.0.19' ] ]
25 verbose addNamed [ 'nyaovim', '0.0.19' ]
26 verbose addNamed [ '0.0.19', '0.0.19' ]
27 silly lockFile 18b49525-nyaovim-0-0-19 nyaovim@0.0.19
28 verbose lock nyaovim@0.0.19 /home/jared/.npm/18b49525-nyaovim-0-0-19.lock
29 silly lockFile e0a96cc3-s-org-nyaovim-nyaovim-0-0-19-tgz https://registry.npmjs.org/nyaovim/-/nyaovim-0.0.19.tgz
30 verbose lock https://registry.npmjs.org/nyaovim/-/nyaovim-0.0.19.tgz /home/jared/.npm/e0a96cc3-s-org-nyaovim-nyaovim-0-0-19-tgz.lock
31 verbose addRemoteTarball [ 'https://registry.npmjs.org/nyaovim/-/nyaovim-0.0.19.tgz',
31 verbose addRemoteTarball   '7217dd6844447d70a48bb0b3cb1bf0960520001c' ]
32 info retry fetch attempt 1 at 20:35:26
33 verbose fetch to= /home/jared/tmp/npm-21932-4yJ-1+Gj/1459474526153-0.341374944197014/tmp.tgz
34 http GET https://registry.npmjs.org/nyaovim/-/nyaovim-0.0.19.tgz
35 http 200 https://registry.npmjs.org/nyaovim/-/nyaovim-0.0.19.tgz
36 verbose tar unpack /home/jared/tmp/npm-21932-4yJ-1+Gj/1459474526153-0.341374944197014/tmp.tgz
37 silly lockFile a016ac6f-526153-0-341374944197014-package tar:///home/jared/tmp/npm-21932-4yJ-1+Gj/1459474526153-0.341374944197014/package
38 verbose lock tar:///home/jared/tmp/npm-21932-4yJ-1+Gj/1459474526153-0.341374944197014/package /home/jared/.npm/a016ac6f-526153-0-341374944197014-package.lock
39 silly lockFile d8355ce6-526153-0-341374944197014-tmp-tgz tar:///home/jared/tmp/npm-21932-4yJ-1+Gj/1459474526153-0.341374944197014/tmp.tgz
40 verbose lock tar:///home/jared/tmp/npm-21932-4yJ-1+Gj/1459474526153-0.341374944197014/tmp.tgz /home/jared/.npm/d8355ce6-526153-0-341374944197014-tmp-tgz.lock
41 silly gunzTarPerm modes [ '755', '644' ]
42 silly gunzTarPerm extractEntry package.json
43 silly gunzTarPerm extractEntry .npmignore
44 silly gunzTarPerm extractEntry README.md
45 silly gunzTarPerm extractEntry main/browser-config.js
46 silly gunzTarPerm extractEntry main/main.js
47 silly gunzTarPerm extractEntry main/menu.js
48 silly gunzTarPerm extractEntry main/lib.d.ts
49 silly gunzTarPerm extractEntry main/tsconfig.json
50 silly gunzTarPerm extractEntry main/browser-config.js.map
51 silly gunzTarPerm extractEntry main/main.ts
52 silly gunzTarPerm extractEntry main/browser-config.ts
53 silly gunzTarPerm extractEntry main/menu.js.map
54 silly gunzTarPerm extractEntry main/menu.ts
55 silly gunzTarPerm extractEntry main/main.js.map
56 silly gunzTarPerm extractEntry bin/cli.js
57 silly gunzTarPerm extractEntry bower.json
58 silly gunzTarPerm extractEntry bower_components/polymer/.bower.json
59 silly gunzTarPerm extractEntry bower_components/polymer/LICENSE.txt
60 silly gunzTarPerm extractEntry bower_components/polymer/bower.json
61 silly gunzTarPerm extractEntry bower_components/polymer/build.log
62 silly gunzTarPerm extractEntry bower_components/polymer/polymer-micro.html
63 silly gunzTarPerm extractEntry bower_components/polymer/polymer-mini.html
64 silly gunzTarPerm extractEntry bower_components/polymer/polymer.html
65 silly gunzTarPerm extractEntry bower_components/webcomponentsjs/package.json
66 silly gunzTarPerm extractEntry bower_components/webcomponentsjs/README.md
67 silly gunzTarPerm extractEntry bower_components/webcomponentsjs/HTMLImports.min.js
68 silly gunzTarPerm extractEntry bower_components/webcomponentsjs/MutationObserver.js
69 silly gunzTarPerm extractEntry bower_components/webcomponentsjs/MutationObserver.min.js
70 silly gunzTarPerm extractEntry bower_components/webcomponentsjs/HTMLImports.js
71 silly gunzTarPerm extractEntry bower_components/webcomponentsjs/CustomElements.js
72 silly gunzTarPerm extractEntry bower_components/webcomponentsjs/ShadowDOM.min.js
73 silly gunzTarPerm extractEntry bower_components/webcomponentsjs/webcomponents.js
74 silly gunzTarPerm extractEntry bower_components/webcomponentsjs/webcomponents-lite.min.js
75 silly gunzTarPerm extractEntry bower_components/webcomponentsjs/CustomElements.min.js
76 silly gunzTarPerm extractEntry bower_components/webcomponentsjs/webcomponents.min.js
77 silly gunzTarPerm extractEntry bower_components/webcomponentsjs/webcomponents-lite.js
78 silly gunzTarPerm extractEntry bower_components/webcomponentsjs/ShadowDOM.js
79 silly gunzTarPerm extractEntry bower_components/webcomponentsjs/build.log
80 silly gunzTarPerm extractEntry bower_components/webcomponentsjs/bower.json
81 silly gunzTarPerm extractEntry bower_components/webcomponentsjs/.bower.json
82 silly gunzTarPerm extractEntry docs/browser-config.md
83 silly gunzTarPerm extractEntry docs/faq.md
84 silly gunzTarPerm extractEntry docs/make-ui-plugin.md
85 silly gunzTarPerm extractEntry docs/runtime-api.md
86 silly gunzTarPerm extractEntry docs/tips.md
87 silly gunzTarPerm extractEntry Guardfile
88 silly gunzTarPerm extractEntry LICENSE.txt
89 silly gunzTarPerm extractEntry renderer/main.js
90 silly gunzTarPerm extractEntry renderer/nyaovim-app.js
91 silly gunzTarPerm extractEntry renderer/lib.d.ts
92 silly gunzTarPerm extractEntry renderer/main.html
93 silly gunzTarPerm extractEntry renderer/main.js.map
94 silly gunzTarPerm extractEntry renderer/main.ts
95 silly gunzTarPerm extractEntry renderer/nyaovim-app.js.map
96 silly gunzTarPerm extractEntry renderer/nyaovim-app.ts
97 silly gunzTarPerm extractEntry renderer/tsconfig.json
98 silly gunzTarPerm extractEntry resources/icon/nyaovim-logo.icns
99 silly gunzTarPerm extractEntry resources/icon/nyaovim-logo.ico
100 silly gunzTarPerm extractEntry resources/icon/nyaovim-logo.png
101 silly gunzTarPerm extractEntry resources/icon/nyaovim-logo.svg
102 silly gunzTarPerm extractEntry resources/title-bar.png
103 silly gunzTarPerm extractEntry runtime/autoload/nyaovim.vim
104 silly gunzTarPerm extractEntry runtime/plugin/nyaovim.vim
105 silly gunzTarPerm extractEntry tmp.md
106 silly gunzTarPerm extractEntry tslint.json
107 silly gunzTarPerm extractEntry typings.json
108 silly lockFile a016ac6f-526153-0-341374944197014-package tar:///home/jared/tmp/npm-21932-4yJ-1+Gj/1459474526153-0.341374944197014/package
109 silly lockFile a016ac6f-526153-0-341374944197014-package tar:///home/jared/tmp/npm-21932-4yJ-1+Gj/1459474526153-0.341374944197014/package
110 silly lockFile d8355ce6-526153-0-341374944197014-tmp-tgz tar:///home/jared/tmp/npm-21932-4yJ-1+Gj/1459474526153-0.341374944197014/tmp.tgz
111 silly lockFile d8355ce6-526153-0-341374944197014-tmp-tgz tar:///home/jared/tmp/npm-21932-4yJ-1+Gj/1459474526153-0.341374944197014/tmp.tgz
112 verbose tar pack [ '/home/jared/.npm/nyaovim/0.0.19/package.tgz',
112 verbose tar pack   '/home/jared/tmp/npm-21932-4yJ-1+Gj/1459474526153-0.341374944197014/package' ]
113 verbose tarball /home/jared/.npm/nyaovim/0.0.19/package.tgz
114 verbose folder /home/jared/tmp/npm-21932-4yJ-1+Gj/1459474526153-0.341374944197014/package
115 silly lockFile a016ac6f-526153-0-341374944197014-package tar:///home/jared/tmp/npm-21932-4yJ-1+Gj/1459474526153-0.341374944197014/package
116 verbose lock tar:///home/jared/tmp/npm-21932-4yJ-1+Gj/1459474526153-0.341374944197014/package /home/jared/.npm/a016ac6f-526153-0-341374944197014-package.lock
117 silly lockFile 3e518714-d-npm-nyaovim-0-0-19-package-tgz tar:///home/jared/.npm/nyaovim/0.0.19/package.tgz
118 verbose lock tar:///home/jared/.npm/nyaovim/0.0.19/package.tgz /home/jared/.npm/3e518714-d-npm-nyaovim-0-0-19-package-tgz.lock
119 silly lockFile a016ac6f-526153-0-341374944197014-package tar:///home/jared/tmp/npm-21932-4yJ-1+Gj/1459474526153-0.341374944197014/package
120 silly lockFile a016ac6f-526153-0-341374944197014-package tar:///home/jared/tmp/npm-21932-4yJ-1+Gj/1459474526153-0.341374944197014/package
121 silly lockFile 3e518714-d-npm-nyaovim-0-0-19-package-tgz tar:///home/jared/.npm/nyaovim/0.0.19/package.tgz
122 silly lockFile 3e518714-d-npm-nyaovim-0-0-19-package-tgz tar:///home/jared/.npm/nyaovim/0.0.19/package.tgz
123 silly lockFile 830501be-jared-npm-nyaovim-0-0-19-package /home/jared/.npm/nyaovim/0.0.19/package
124 verbose lock /home/jared/.npm/nyaovim/0.0.19/package /home/jared/.npm/830501be-jared-npm-nyaovim-0-0-19-package.lock
125 silly lockFile 830501be-jared-npm-nyaovim-0-0-19-package /home/jared/.npm/nyaovim/0.0.19/package
126 silly lockFile 830501be-jared-npm-nyaovim-0-0-19-package /home/jared/.npm/nyaovim/0.0.19/package
127 verbose tar unpack /home/jared/.npm/nyaovim/0.0.19/package.tgz
128 silly lockFile 6beabf73-jared-npm-nyaovim-0-0-19-package tar:///home/jared/.npm/nyaovim/0.0.19/package
129 verbose lock tar:///home/jared/.npm/nyaovim/0.0.19/package /home/jared/.npm/6beabf73-jared-npm-nyaovim-0-0-19-package.lock
130 silly lockFile 3e518714-d-npm-nyaovim-0-0-19-package-tgz tar:///home/jared/.npm/nyaovim/0.0.19/package.tgz
131 verbose lock tar:///home/jared/.npm/nyaovim/0.0.19/package.tgz /home/jared/.npm/3e518714-d-npm-nyaovim-0-0-19-package-tgz.lock
132 silly gunzTarPerm modes [ '755', '644' ]
133 silly gunzTarPerm extractEntry package.json
134 silly gunzTarPerm extractEntry .npmignore
135 silly gunzTarPerm extractEntry README.md
136 silly gunzTarPerm extractEntry typings.json
137 silly gunzTarPerm extractEntry bin/cli.js
138 silly gunzTarPerm extractEntry bower.json
139 silly gunzTarPerm extractEntry bower_components/polymer/.bower.json
140 silly gunzTarPerm extractEntry bower_components/polymer/LICENSE.txt
141 silly gunzTarPerm extractEntry bower_components/polymer/bower.json
142 silly gunzTarPerm extractEntry bower_components/polymer/build.log
143 silly gunzTarPerm extractEntry bower_components/polymer/polymer-micro.html
144 silly gunzTarPerm extractEntry bower_components/polymer/polymer-mini.html
145 silly gunzTarPerm extractEntry bower_components/polymer/polymer.html
146 silly gunzTarPerm extractEntry bower_components/webcomponentsjs/package.json
147 silly gunzTarPerm extractEntry bower_components/webcomponentsjs/README.md
148 silly gunzTarPerm extractEntry bower_components/webcomponentsjs/HTMLImports.min.js
149 silly gunzTarPerm extractEntry bower_components/webcomponentsjs/MutationObserver.js
150 silly gunzTarPerm extractEntry bower_components/webcomponentsjs/MutationObserver.min.js
151 silly gunzTarPerm extractEntry bower_components/webcomponentsjs/HTMLImports.js
152 silly gunzTarPerm extractEntry bower_components/webcomponentsjs/CustomElements.js
153 silly gunzTarPerm extractEntry bower_components/webcomponentsjs/ShadowDOM.min.js
154 silly gunzTarPerm extractEntry bower_components/webcomponentsjs/webcomponents.js
155 silly gunzTarPerm extractEntry bower_components/webcomponentsjs/webcomponents-lite.min.js
156 silly gunzTarPerm extractEntry bower_components/webcomponentsjs/CustomElements.min.js
157 silly gunzTarPerm extractEntry bower_components/webcomponentsjs/webcomponents.min.js
158 silly gunzTarPerm extractEntry bower_components/webcomponentsjs/webcomponents-lite.js
159 silly gunzTarPerm extractEntry bower_components/webcomponentsjs/ShadowDOM.js
160 silly gunzTarPerm extractEntry bower_components/webcomponentsjs/build.log
161 silly gunzTarPerm extractEntry bower_components/webcomponentsjs/bower.json
162 silly gunzTarPerm extractEntry bower_components/webcomponentsjs/.bower.json
163 silly gunzTarPerm extractEntry docs/browser-config.md
164 silly gunzTarPerm extractEntry docs/faq.md
165 silly gunzTarPerm extractEntry docs/make-ui-plugin.md
166 silly gunzTarPerm extractEntry docs/runtime-api.md
167 silly gunzTarPerm extractEntry docs/tips.md
168 silly gunzTarPerm extractEntry Guardfile
169 silly gunzTarPerm extractEntry LICENSE.txt
170 silly gunzTarPerm extractEntry renderer/main.js
171 silly gunzTarPerm extractEntry renderer/nyaovim-app.js
172 silly gunzTarPerm extractEntry renderer/lib.d.ts
173 silly gunzTarPerm extractEntry renderer/main.html
174 silly gunzTarPerm extractEntry renderer/main.js.map
175 silly gunzTarPerm extractEntry renderer/main.ts
176 silly gunzTarPerm extractEntry renderer/nyaovim-app.js.map
177 silly gunzTarPerm extractEntry renderer/nyaovim-app.ts
178 silly gunzTarPerm extractEntry renderer/tsconfig.json
179 silly gunzTarPerm extractEntry resources/icon/nyaovim-logo.icns
180 silly gunzTarPerm extractEntry resources/icon/nyaovim-logo.ico
181 silly gunzTarPerm extractEntry resources/icon/nyaovim-logo.png
182 silly gunzTarPerm extractEntry resources/icon/nyaovim-logo.svg
183 silly gunzTarPerm extractEntry resources/title-bar.png
184 silly gunzTarPerm extractEntry runtime/autoload/nyaovim.vim
185 silly gunzTarPerm extractEntry runtime/plugin/nyaovim.vim
186 silly gunzTarPerm extractEntry tmp.md
187 silly gunzTarPerm extractEntry tslint.json
188 silly gunzTarPerm extractEntry main/browser-config.js
189 silly gunzTarPerm extractEntry main/main.js
190 silly gunzTarPerm extractEntry main/menu.js
191 silly gunzTarPerm extractEntry main/lib.d.ts
192 silly gunzTarPerm extractEntry main/tsconfig.json
193 silly gunzTarPerm extractEntry main/browser-config.js.map
194 silly gunzTarPerm extractEntry main/main.ts
195 silly gunzTarPerm extractEntry main/browser-config.ts
196 silly gunzTarPerm extractEntry main/menu.js.map
197 silly gunzTarPerm extractEntry main/menu.ts
198 silly gunzTarPerm extractEntry main/main.js.map
199 silly lockFile 6beabf73-jared-npm-nyaovim-0-0-19-package tar:///home/jared/.npm/nyaovim/0.0.19/package
200 silly lockFile 6beabf73-jared-npm-nyaovim-0-0-19-package tar:///home/jared/.npm/nyaovim/0.0.19/package
201 silly lockFile 3e518714-d-npm-nyaovim-0-0-19-package-tgz tar:///home/jared/.npm/nyaovim/0.0.19/package.tgz
202 silly lockFile 3e518714-d-npm-nyaovim-0-0-19-package-tgz tar:///home/jared/.npm/nyaovim/0.0.19/package.tgz
203 verbose chmod /home/jared/.npm/nyaovim/0.0.19/package.tgz 644
204 verbose chown /home/jared/.npm/nyaovim/0.0.19/package.tgz [ 1000, 1000 ]
205 silly lockFile e0a96cc3-s-org-nyaovim-nyaovim-0-0-19-tgz https://registry.npmjs.org/nyaovim/-/nyaovim-0.0.19.tgz
206 silly lockFile e0a96cc3-s-org-nyaovim-nyaovim-0-0-19-tgz https://registry.npmjs.org/nyaovim/-/nyaovim-0.0.19.tgz
207 silly lockFile 18b49525-nyaovim-0-0-19 nyaovim@0.0.19
208 silly lockFile 18b49525-nyaovim-0-0-19 nyaovim@0.0.19
209 silly lockFile cfefc811-nyaovim nyaovim@
210 silly lockFile cfefc811-nyaovim nyaovim@
211 silly resolved [ { name: 'nyaovim',
211 silly resolved     productName: 'NyaoVim',
211 silly resolved     version: '0.0.19',
211 silly resolved     description: 'Web-enhanced Extensible Neovim Frontend',
211 silly resolved     main: 'main/main.js',
211 silly resolved     bin: { nyaovim: './bin/cli.js' },
211 silly resolved     scripts:
211 silly resolved      { dep: 'npm install && bower install && typings install',
211 silly resolved        'build-main': 'tsc --pretty -p $(npm prefix)/main',
211 silly resolved        'build-renderer': 'tsc --pretty -p $(npm prefix)/renderer',
211 silly resolved        build: 'npm run build-main && npm run build-renderer',
211 silly resolved        lint: 'tslint $(git ls-files | grep -E ".ts$")',
211 silly resolved        app: 'electron $(npm prefix)',
211 silly resolved        debug: 'NODE_ENV=debug electron $(npm prefix)',
211 silly resolved        start: 'npm run dep && npm run build && npm run app',
211 silly resolved        watch: 'cd $(npm prefix) && guard --watchdir main renderer typings',
211 silly resolved        clean: 'cd $(npm prefix) && rm -rf build typings bower_components node_modules' },
211 silly resolved     repository: { type: 'git', url: 'git+https://github.com/rhysd/NyaoVim.git' },
211 silly resolved     keywords:
211 silly resolved      [ 'editor',
211 silly resolved        'extensible',
211 silly resolved        'WebComponents',
211 silly resolved        'Neovim',
211 silly resolved        'nvim',
211 silly resolved        'Electron',
211 silly resolved        'Polymer',
211 silly resolved        'cat',
211 silly resolved        'meow' ],
211 silly resolved     author: { name: 'rhysd', email: 'lin90162@yahoo.co.jp' },
211 silly resolved     license: 'MIT',
211 silly resolved     bugs: { url: 'https://github.com/rhysd/NyaoVim/issues' },
211 silly resolved     homepage: 'https://github.com/rhysd/NyaoVim#readme',
211 silly resolved     dependencies:
211 silly resolved      { 'about-window': '^1.3.1',
211 silly resolved        'deep-extend': '^0.4.1',
211 silly resolved        'electron-prebuilt': '^0.36.7',
211 silly resolved        'electron-window-state': '^2.0.0',
211 silly resolved        mkdirp: '^0.5.1',
211 silly resolved        'neovim-component': '^0.5.1',
211 silly resolved        'promised-neovim-client': '^1.0.1' },
211 silly resolved     devDependencies: { bower: '^1.7.1', typescript: '^1.8.0', typings: '^0.6.3' },
211 silly resolved     readme: '![NyaoVim](resources/title-bar.png)\n===================================\n\nThis is a [Neovim](https://neovim.io/) frontend built on [Electron](http://electron.atom.io/).  Neovim editor is [composed as Web Component](https://github.com/rhysd/neovim-component) and users can extend UI by reusable Web Components, HTML, CSS and JavaScript.\n\n**This repository is being heavily developed.  Everything is unstable.**\n\n`:help design-not` says:\n\n> Use Vim as a component from a shell or in an IDE.\n\nNyaoVim has the same spirit as this.  NyaoVim contains Neovim editor as Web Component and enables to extend its UI with web technology as recent modern editors and IDEs (e.g. [Atom](http://atom.io/), [VS Code](https://github.com/Microsoft/vscode), [LightTable](http://lighttable.com/)).\n\n## Goals\n\n- **NyaoVim bundles no extended UI by default.**  It only provides the nice UI plugin architecture.  Users can compose their favorite UI with Web Components, HTML and CSS.  It is also easy to make NyaVim distribution where useful components are bundled.\n- **Do not introduce another plugin manager.**  HTML for Web Component should be bundled with Vim plugin.  Therefore Vim plugin manager can handle UI components and it enables to bundle JS codes and Vim script codes.\n- **Do not lose Vim\'s comfortability by default.**  It should be aware of performance.\n- **UI component creators can use powerful APIs, packages and tools**; [Node.js APIs](https://nodejs.org/en/docs/), [Electron APIs](https://github.com/atom/electron/tree/master/docs/api), [Neovim msgpack-rpc APIs](https://neovim.io/doc/user/msgpack_rpc.html)), so many [npm packages](https://www.npmjs.com/) and [Chrome DevTools](https://developers.google.com/web/tools/chrome-devtools/).\n- **Cross Platform** (Linux, OS X, Windows)\n\nMemo: \'nyao\' is \'meow\' in Japanese and its pronounce resembles \'neo\'.  It is also an acronym for \'Not Yet Another Original\'.\n\n## App Structure\n\nNyaoVim consists Web Components on Electron as following figure.  At first there is only `<neovim-editor>` and you can add/remove additional components.\n\n![structure](https://raw.githubusercontent.com/rhysd/ss/master/NyaoVim/structure.png)\n\n## UI Plugin Examples\n\nUI plugins are easily installed to NyaoVim the same as other normal plugins.  Each of them is written within 100~300 lines.  You can create reusable Web Components and integrate it to NyaoVim.\n\n- [nyaovim-markdown-preview](https://github.com/rhysd/nyaovim-markdown-preview)\n\n![nyaovim-markdown-preview screenshot](https://raw.githubusercontent.com/rhysd/ss/master/nyaovim-markdown-preview/main.gif)\n\n- [nyaovim-popup-tooltip](https://github.com/rhysd/nyaovim-popup-tooltip)\n\n![nyaovim-popup-tooltip screenshot](https://raw.githubusercontent.com/rhysd/ss/master/nyaovim-popup-tooltip/main.gif)\n\n- [nyaovim-mini-browser](https://github.com/rhysd/nyaovim-mini-browser)\n\n![nyaovim-mini-browser screenshot](https://raw.githubusercontent.com/rhysd/ss/master/nyaovim-mini-browser/main.gif)\n\n\n## Usage\n\n### Getting Started\n\nYou can install NyaoVim as [npm package](https://www.npmjs.com/package/nyaovim).  Currently no packaging release is available yet.  If you use Windows and haven\'t install Neovim yet, please read [first tips](docs/tips.md) at first.\n\n```sh\n$ npm install -g nyaovim\n```\n\nIf you don\'t install Neovim yet, please install it following [Neovim\'s instaruction](https://github.com/neovim/neovim/wiki/Installing-Neovim) because NyaoVim internally uses `nvim` command.\n\nYou can start NyaoVim with `nyaovim` command if you install this app with npm.\n\n```sh\n$ nyaovim [files...]\n```\n\nYou would see minimal Neovim GUI editor (as normal gVim).  This is Electron app and Neovim is drawn on `<canvas>`.  You can see DevTools of this app with \'Developer Tools\' menu item.\n\nOn first start up of NyaoVim, it creates `~/.config/nyaovim/nyaovimrc.html` for UI configuration (`%AppData%` instead of `.config` in Windows).  Yes, you can extend and configure UI components with HTML and CSS!\n\n### Configure Editor Options\n\nI guess you\'re now thinking \'Hmm, font is not good and too small...\'. You can configure some editor options by properties of [`<neovim-editor>` properties](https://github.com/rhysd/neovim-component#neovim-editor-properties).\nFor example, below configures font face and font size by `font` and `font-size` properties.  Then set line-height to 1.5 (for example, Atom adopts 1.5 as line-height).\n\n```html\n<neovim-editor\n    id="nyaovim-editor"\n    argv$="[[argv]]"\n    font-size="14"\n    font="Ricty,monospace"\n    line-height="1.5"\n></neovim-editor>\n```\n\nAnd you can also configure browser window options with `browser-config.json` (e.g. Preserving window state, Single instance app, and so on). See [tips](docs/tips.md) for more detail.\n\n### Install UI Plugin\n\nFor example, let\'s install [nyaovim-popup-tooltip](https://github.com/rhysd/nyaovim-popup-tooltip).\n\nAs described in Goal section, UI plugin is a normal Neovim plugin.  You can install it as other Neovim plugin.  If you use [vim-plug](https://github.com/junegunn/vim-plug), all you need is adding below line to your `init.vim`.\n\n```vim\nPlug \'rhysd/nyaovim-popup-tooltip\'\n```\n\nThen you need to put popup tooltip UI to your NyaoVim interface.  Please open `~/.config/nyaovim/nyaovimrc.html` (`%AppData%` instead of `.config` in Windows).  As described in Goal section, user can put UI with HTML and CSS with high customization.\n\nPlease add `<popup-tooltip>` tag under `<neovim-editor>` tag as below\n\n```html\n<neovim-editor id="nyaovim-editor" argv$="[[argv]]"></neovim-editor>\n<popup-tooltip editor="[[editor]]"></popup-tooltip>\n```\n\n`<popup-tooltip>` is a [Polymer](https://github.com/Polymer/polymer) component.  `editor="[[editor]]"` is a data binding to pass editor instance to `<popup-tooltip>`.\n\nAfter installing nyaovim-popup-tooltip as Neovim plugin and adding UI to HTML, all has done!  Open NyaoVim, move cursor to any image path, and enter `gi`.  NyaoVim would load image and show it in popup tooltip as below.\n\n![nyaovim-popup-tooltip screenshot](https://raw.githubusercontent.com/rhysd/ss/master/nyaovim-popup-tooltip/main.gif)\n\n\n## Documents\n\nMore documents are put in [docs directory](docs).\n\n- [How to Make UI Plugin](docs/make-ui-plugin.md)\n- [Tips](docs/tips.md)\n- [FAQ](docs/faq.md)\n- [Runtime API](docs/runtime-api.md)\n- [Browser Config](docs/browser-config.md)\n\n## License\n\n[MIT License](/LICENSE.txt).\n\nLogo of this app is created based on [Neovim logo](https://neovim.io/) licensed under [CCA 3.0 Unported](https://creativecommons.org/licenses/by/3.0/legalcode).\n\n> The Neovim logo by Jason Long is licensed under the Creative Commons Attribution 3.0 Unported License.\n',
211 silly resolved     readmeFilename: 'README.md',
211 silly resolved     _id: 'nyaovim@0.0.19',
211 silly resolved     dist: { shasum: '8248a99babcc7925f311fd5be54e71a016e2c9d7' },
211 silly resolved     _from: 'nyaovim@',
211 silly resolved     _resolved: 'https://registry.npmjs.org/nyaovim/-/nyaovim-0.0.19.tgz' } ]
212 info install nyaovim@0.0.19 into /usr/local/lib
213 info installOne nyaovim@0.0.19
214 info /usr/local/lib/node_modules/nyaovim unbuild
215 verbose tar unpack /home/jared/.npm/nyaovim/0.0.19/package.tgz
216 silly lockFile 2cfd1fa2-r-local-lib-node-modules-nyaovim tar:///usr/local/lib/node_modules/nyaovim
217 verbose lock tar:///usr/local/lib/node_modules/nyaovim /home/jared/.npm/2cfd1fa2-r-local-lib-node-modules-nyaovim.lock
218 silly lockFile 3e518714-d-npm-nyaovim-0-0-19-package-tgz tar:///home/jared/.npm/nyaovim/0.0.19/package.tgz
219 verbose lock tar:///home/jared/.npm/nyaovim/0.0.19/package.tgz /home/jared/.npm/3e518714-d-npm-nyaovim-0-0-19-package-tgz.lock
220 silly gunzTarPerm modes [ '755', '644' ]
221 error Error: EACCES, mkdir '/usr/local/lib/node_modules'
221 error  { [Error: EACCES, mkdir '/usr/local/lib/node_modules']
221 error   errno: 3,
221 error   code: 'EACCES',
221 error   path: '/usr/local/lib/node_modules',
221 error   fstream_type: 'Directory',
221 error   fstream_path: '/usr/local/lib/node_modules/nyaovim',
221 error   fstream_class: 'DirWriter',
221 error   fstream_stack:
221 error    [ '/usr/lib/nodejs/fstream/lib/writer.js:171:23',
221 error      '/usr/lib/nodejs/mkdirp/index.js:37:53',
221 error      'Object.oncomplete (fs.js:107:15)' ] }
222 error Please try running this command again as root/Administrator.
223 error System Linux 3.19.0-32-generic
224 error command "/usr/bin/nodejs" "/usr/bin/npm" "install" "-g" "nyaovim"
225 error cwd /home/jared/homestead
226 error node -v v0.10.25
227 error npm -v 1.3.10
228 error path /usr/local/lib/node_modules
229 error fstream_path /usr/local/lib/node_modules/nyaovim
230 error fstream_type Directory
231 error fstream_class DirWriter
232 error code EACCES
233 error errno 3
234 error stack Error: EACCES, mkdir '/usr/local/lib/node_modules'
235 error fstream_stack /usr/lib/nodejs/fstream/lib/writer.js:171:23
235 error fstream_stack /usr/lib/nodejs/mkdirp/index.js:37:53
235 error fstream_stack Object.oncomplete (fs.js:107:15)
236 verbose exit [ 3, true ]
